src/routes/crm.ts(33,23): error TS2769: No overload matches this call.
  The last overload gave the following error.
    Argument of type '(req: AuthRequest, res: Response, next: NextFunction) => Response<any, Record<string, any>>' is not assignable to parameter of type 'RequestHandlerParams<ParamsDictionary, any, any, ParsedQs, Record<string, any>>'.
      Type '(req: AuthRequest, res: Response, next: NextFunction) => Response<any, Record<string, any>>' is not assignable to type 'RequestHandler<ParamsDictionary, any, any, ParsedQs, Record<string, any>>'.
        Types of parameters 'req' and 'req' are incompatible.
          Type 'Request<ParamsDictionary, any, any, ParsedQs, Record<string, any>>' is not assignable to type 'AuthRequest<ParamsDictionary, any, any, ParsedQs, Record<string, any>>'.
            Property 'user' is optional in type 'Request<ParamsDictionary, any, any, ParsedQs, Record<string, any>>' but required in type 'AuthRequest<ParamsDictionary, any, any, ParsedQs, Record<string, any>>'.
src/routes/crm.ts(34,22): error TS2769: No overload matches this call.
  The last overload gave the following error.
    Argument of type '(req: AuthRequest, res: Response, next: NextFunction) => Response<any, Record<string, any>>' is not assignable to parameter of type 'RequestHandlerParams<ParamsDictionary, any, any, ParsedQs, Record<string, any>>'.
      Type '(req: AuthRequest, res: Response, next: NextFunction) => Response<any, Record<string, any>>' is not assignable to type 'RequestHandler<ParamsDictionary, any, any, ParsedQs, Record<string, any>>'.
        Types of parameters 'req' and 'req' are incompatible.
          Type 'Request<ParamsDictionary, any, any, ParsedQs, Record<string, any>>' is not assignable to type 'AuthRequest<ParamsDictionary, any, any, ParsedQs, Record<string, any>>'.
            Property 'user' is optional in type 'Request<ParamsDictionary, any, any, ParsedQs, Record<string, any>>' but required in type 'AuthRequest<ParamsDictionary, any, any, ParsedQs, Record<string, any>>'.
src/routes/crm.ts(35,26): error TS2769: No overload matches this call.
  The last overload gave the following error.
    Argument of type '(req: AuthRequest, res: Response, next: NextFunction) => Response<any, Record<string, any>>' is not assignable to parameter of type 'RequestHandlerParams<ParamsDictionary, any, any, ParsedQs, Record<string, any>>'.
      Type '(req: AuthRequest, res: Response, next: NextFunction) => Response<any, Record<string, any>>' is not assignable to type 'RequestHandler<ParamsDictionary, any, any, ParsedQs, Record<string, any>>'.
        Types of parameters 'req' and 'req' are incompatible.
          Type 'Request<ParamsDictionary, any, any, ParsedQs, Record<string, any>>' is not assignable to type 'AuthRequest<ParamsDictionary, any, any, ParsedQs, Record<string, any>>'.
            Property 'user' is optional in type 'Request<ParamsDictionary, any, any, ParsedQs, Record<string, any>>' but required in type 'AuthRequest<ParamsDictionary, any, any, ParsedQs, Record<string, any>>'.
src/routes/crm.ts(36,26): error TS2769: No overload matches this call.
  The last overload gave the following error.
    Argument of type '(req: AuthRequest, res: Response, next: NextFunction) => Response<any, Record<string, any>>' is not assignable to parameter of type 'RequestHandlerParams<ParamsDictionary, any, any, ParsedQs, Record<string, any>>'.
      Type '(req: AuthRequest, res: Response, next: NextFunction) => Response<any, Record<string, any>>' is not assignable to type 'RequestHandler<ParamsDictionary, any, any, ParsedQs, Record<string, any>>'.
        Types of parameters 'req' and 'req' are incompatible.
          Type 'Request<ParamsDictionary, any, any, ParsedQs, Record<string, any>>' is not assignable to type 'AuthRequest<ParamsDictionary, any, any, ParsedQs, Record<string, any>>'.
            Property 'user' is optional in type 'Request<ParamsDictionary, any, any, ParsedQs, Record<string, any>>' but required in type 'AuthRequest<ParamsDictionary, any, any, ParsedQs, Record<string, any>>'.
src/routes/crm.ts(37,40): error TS2769: No overload matches this call.
  The last overload gave the following error.
    Argument of type '(req: AuthRequest, res: Response, next: NextFunction) => Response<any, Record<string, any>>' is not assignable to parameter of type 'RequestHandlerParams<ParamsDictionary, any, any, ParsedQs, Record<string, any>>'.
      Type '(req: AuthRequest, res: Response, next: NextFunction) => Response<any, Record<string, any>>' is not assignable to type 'RequestHandler<ParamsDictionary, any, any, ParsedQs, Record<string, any>>'.
        Types of parameters 'req' and 'req' are incompatible.
          Type 'Request<ParamsDictionary, any, any, ParsedQs, Record<string, any>>' is not assignable to type 'AuthRequest<ParamsDictionary, any, any, ParsedQs, Record<string, any>>'.
            Property 'user' is optional in type 'Request<ParamsDictionary, any, any, ParsedQs, Record<string, any>>' but required in type 'AuthRequest<ParamsDictionary, any, any, ParsedQs, Record<string, any>>'.
src/routes/crm.ts(38,35): error TS2769: No overload matches this call.
  The last overload gave the following error.
    Argument of type '(req: AuthRequest, res: Response, next: NextFunction) => Response<any, Record<string, any>>' is not assignable to parameter of type 'RequestHandlerParams<ParamsDictionary, any, any, ParsedQs, Record<string, any>>'.
      Type '(req: AuthRequest, res: Response, next: NextFunction) => Response<any, Record<string, any>>' is not assignable to type 'RequestHandler<ParamsDictionary, any, any, ParsedQs, Record<string, any>>'.
        Types of parameters 'req' and 'req' are incompatible.
          Type 'Request<ParamsDictionary, any, any, ParsedQs, Record<string, any>>' is not assignable to type 'AuthRequest<ParamsDictionary, any, any, ParsedQs, Record<string, any>>'.
            Property 'user' is optional in type 'Request<ParamsDictionary, any, any, ParsedQs, Record<string, any>>' but required in type 'AuthRequest<ParamsDictionary, any, any, ParsedQs, Record<string, any>>'.
src/routes/crm.ts(44,22): error TS2769: No overload matches this call.
  The last overload gave the following error.
    Argument of type '(req: AuthRequest, res: Response, next: NextFunction) => Response<any, Record<string, any>>' is not assignable to parameter of type 'RequestHandlerParams<ParamsDictionary, any, any, ParsedQs, Record<string, any>>'.
      Type '(req: AuthRequest, res: Response, next: NextFunction) => Response<any, Record<string, any>>' is not assignable to type 'RequestHandler<ParamsDictionary, any, any, ParsedQs, Record<string, any>>'.
        Types of parameters 'req' and 'req' are incompatible.
          Type 'Request<ParamsDictionary, any, any, ParsedQs, Record<string, any>>' is not assignable to type 'AuthRequest<ParamsDictionary, any, any, ParsedQs, Record<string, any>>'.
            Property 'user' is optional in type 'Request<ParamsDictionary, any, any, ParsedQs, Record<string, any>>' but required in type 'AuthRequest<ParamsDictionary, any, any, ParsedQs, Record<string, any>>'.
src/routes/crm.ts(173,25): error TS2769: No overload matches this call.
  The last overload gave the following error.
    Argument of type '(req: AuthRequest<ParamsDictionary, any, any, ParsedQs, Record<string, any>>, res: Response<any, Record<string, any>>) => Promise<...>' is not assignable to parameter of type 'Application<Record<string, any>>'.
      Type '(req: AuthRequest<ParamsDictionary, any, any, ParsedQs, Record<string, any>>, res: Response<any, Record<string, any>>) => Promise<...>' is missing the following properties from type 'Application<Record<string, any>>': init, defaultConfiguration, engine, set, and 63 more.
src/routes/crm.ts(174,24): error TS2769: No overload matches this call.
  The last overload gave the following error.
    Argument of type '(req: AuthRequest<ParamsDictionary, any, any, ParsedQs, Record<string, any>>, res: Response<any, Record<string, any>>) => Promise<...>' is not assignable to parameter of type 'Application<Record<string, any>>'.
      Type '(req: AuthRequest<ParamsDictionary, any, any, ParsedQs, Record<string, any>>, res: Response<any, Record<string, any>>) => Promise<...>' is missing the following properties from type 'Application<Record<string, any>>': init, defaultConfiguration, engine, set, and 63 more.
src/routes/crm.ts(175,28): error TS2769: No overload matches this call.
  The last overload gave the following error.
    Argument of type '(req: AuthRequest<ParamsDictionary, any, any, ParsedQs, Record<string, any>>, res: Response<any, Record<string, any>>) => Promise<...>' is not assignable to parameter of type 'Application<Record<string, any>>'.
      Type '(req: AuthRequest<ParamsDictionary, any, any, ParsedQs, Record<string, any>>, res: Response<any, Record<string, any>>) => Promise<...>' is missing the following properties from type 'Application<Record<string, any>>': init, defaultConfiguration, engine, set, and 63 more.
src/routes/crm.ts(176,35): error TS2769: No overload matches this call.
  The last overload gave the following error.
    Argument of type '(req: AuthRequest, res: Response, next: NextFunction) => Response<any, Record<string, any>>' is not assignable to parameter of type 'RequestHandlerParams<ParamsDictionary, any, any, ParsedQs, Record<string, any>>'.
      Type '(req: AuthRequest, res: Response, next: NextFunction) => Response<any, Record<string, any>>' is not assignable to type 'RequestHandler<ParamsDictionary, any, any, ParsedQs, Record<string, any>>'.
        Types of parameters 'req' and 'req' are incompatible.
          Type 'Request<ParamsDictionary, any, any, ParsedQs, Record<string, any>>' is not assignable to type 'AuthRequest<ParamsDictionary, any, any, ParsedQs, Record<string, any>>'.
            Property 'user' is optional in type 'Request<ParamsDictionary, any, any, ParsedQs, Record<string, any>>' but required in type 'AuthRequest<ParamsDictionary, any, any, ParsedQs, Record<string, any>>'.
src/routes/crm.ts(177,38): error TS2769: No overload matches this call.
  The last overload gave the following error.
    Argument of type '(req: AuthRequest<ParamsDictionary, any, any, ParsedQs, Record<string, any>>, res: Response<any, Record<string, any>>) => Promise<...>' is not assignable to parameter of type 'Application<Record<string, any>>'.
      Type '(req: AuthRequest<ParamsDictionary, any, any, ParsedQs, Record<string, any>>, res: Response<any, Record<string, any>>) => Promise<...>' is missing the following properties from type 'Application<Record<string, any>>': init, defaultConfiguration, engine, set, and 63 more.
src/routes/crm.ts(178,35): error TS2769: No overload matches this call.
  The last overload gave the following error.
    Argument of type '(req: AuthRequest, res: Response, next: NextFunction) => Response<any, Record<string, any>>' is not assignable to parameter of type 'RequestHandlerParams<ParamsDictionary, any, any, ParsedQs, Record<string, any>>'.
      Type '(req: AuthRequest, res: Response, next: NextFunction) => Response<any, Record<string, any>>' is not assignable to type 'RequestHandler<ParamsDictionary, any, any, ParsedQs, Record<string, any>>'.
        Types of parameters 'req' and 'req' are incompatible.
          Type 'Request<ParamsDictionary, any, any, ParsedQs, Record<string, any>>' is not assignable to type 'AuthRequest<ParamsDictionary, any, any, ParsedQs, Record<string, any>>'.
            Property 'user' is optional in type 'Request<ParamsDictionary, any, any, ParsedQs, Record<string, any>>' but required in type 'AuthRequest<ParamsDictionary, any, any, ParsedQs, Record<string, any>>'.
src/routes/crm.ts(179,37): error TS2769: No overload matches this call.
  The last overload gave the following error.
    Argument of type '(req: AuthRequest, res: Response, next: NextFunction) => Response<any, Record<string, any>>' is not assignable to parameter of type 'RequestHandlerParams<ParamsDictionary, any, any, ParsedQs, Record<string, any>>'.
      Type '(req: AuthRequest, res: Response, next: NextFunction) => Response<any, Record<string, any>>' is not assignable to type 'RequestHandler<ParamsDictionary, any, any, ParsedQs, Record<string, any>>'.
        Types of parameters 'req' and 'req' are incompatible.
          Type 'Request<ParamsDictionary, any, any, ParsedQs, Record<string, any>>' is not assignable to type 'AuthRequest<ParamsDictionary, any, any, ParsedQs, Record<string, any>>'.
            Property 'user' is optional in type 'Request<ParamsDictionary, any, any, ParsedQs, Record<string, any>>' but required in type 'AuthRequest<ParamsDictionary, any, any, ParsedQs, Record<string, any>>'.
src/routes/crm.ts(187,3): error TS2769: No overload matches this call.
  The last overload gave the following error.
    Argument of type '(req: AuthRequest, res: Response, next: NextFunction) => Response<any, Record<string, any>>' is not assignable to parameter of type 'RequestHandlerParams<ParamsDictionary, any, any, ParsedQs, Record<string, any>>'.
      Type '(req: AuthRequest, res: Response, next: NextFunction) => Response<any, Record<string, any>>' is not assignable to type 'RequestHandler<ParamsDictionary, any, any, ParsedQs, Record<string, any>>'.
        Types of parameters 'req' and 'req' are incompatible.
          Type 'Request<ParamsDictionary, any, any, ParsedQs, Record<string, any>>' is not assignable to type 'AuthRequest<ParamsDictionary, any, any, ParsedQs, Record<string, any>>'.
            Property 'user' is optional in type 'Request<ParamsDictionary, any, any, ParsedQs, Record<string, any>>' but required in type 'AuthRequest<ParamsDictionary, any, any, ParsedQs, Record<string, any>>'.
src/routes/crm.ts(190,30): error TS2769: No overload matches this call.
  The last overload gave the following error.
    Argument of type '(req: AuthRequest, res: Response, next: NextFunction) => Response<any, Record<string, any>>' is not assignable to parameter of type 'RequestHandlerParams<ParamsDictionary, any, any, ParsedQs, Record<string, any>>'.
      Type '(req: AuthRequest, res: Response, next: NextFunction) => Response<any, Record<string, any>>' is not assignable to type 'RequestHandler<ParamsDictionary, any, any, ParsedQs, Record<string, any>>'.
        Types of parameters 'req' and 'req' are incompatible.
          Type 'Request<ParamsDictionary, any, any, ParsedQs, Record<string, any>>' is not assignable to type 'AuthRequest<ParamsDictionary, any, any, ParsedQs, Record<string, any>>'.
            Property 'user' is optional in type 'Request<ParamsDictionary, any, any, ParsedQs, Record<string, any>>' but required in type 'AuthRequest<ParamsDictionary, any, any, ParsedQs, Record<string, any>>'.
src/routes/crm.ts(191,43): error TS2769: No overload matches this call.
  The last overload gave the following error.
    Argument of type '(req: AuthRequest<ParamsDictionary, any, any, ParsedQs, Record<string, any>>, res: Response<any, Record<string, any>>) => Promise<...>' is not assignable to parameter of type 'Application<Record<string, any>>'.
      Type '(req: AuthRequest<ParamsDictionary, any, any, ParsedQs, Record<string, any>>, res: Response<any, Record<string, any>>) => Promise<...>' is missing the following properties from type 'Application<Record<string, any>>': init, defaultConfiguration, engine, set, and 63 more.
src/routes/crm.ts(194,3): error TS2769: No overload matches this call.
  The last overload gave the following error.
    Argument of type '(req: AuthRequest, res: Response, next: NextFunction) => Response<any, Record<string, any>>' is not assignable to parameter of type 'RequestHandlerParams<ParamsDictionary, any, any, ParsedQs, Record<string, any>>'.
      Type '(req: AuthRequest, res: Response, next: NextFunction) => Response<any, Record<string, any>>' is not assignable to type 'RequestHandler<ParamsDictionary, any, any, ParsedQs, Record<string, any>>'.
        Types of parameters 'req' and 'req' are incompatible.
          Type 'Request<ParamsDictionary, any, any, ParsedQs, Record<string, any>>' is not assignable to type 'AuthRequest<ParamsDictionary, any, any, ParsedQs, Record<string, any>>'.
            Property 'user' is optional in type 'Request<ParamsDictionary, any, any, ParsedQs, Record<string, any>>' but required in type 'AuthRequest<ParamsDictionary, any, any, ParsedQs, Record<string, any>>'.
src/routes/crm.ts(199,3): error TS2769: No overload matches this call.
  The last overload gave the following error.
    Argument of type '(req: AuthRequest, res: Response, next: NextFunction) => Response<any, Record<string, any>>' is not assignable to parameter of type 'RequestHandlerParams<ParamsDictionary, any, any, ParsedQs, Record<string, any>>'.
      Type '(req: AuthRequest, res: Response, next: NextFunction) => Response<any, Record<string, any>>' is not assignable to type 'RequestHandler<ParamsDictionary, any, any, ParsedQs, Record<string, any>>'.
        Types of parameters 'req' and 'req' are incompatible.
          Type 'Request<ParamsDictionary, any, any, ParsedQs, Record<string, any>>' is not assignable to type 'AuthRequest<ParamsDictionary, any, any, ParsedQs, Record<string, any>>'.
            Property 'user' is optional in type 'Request<ParamsDictionary, any, any, ParsedQs, Record<string, any>>' but required in type 'AuthRequest<ParamsDictionary, any, any, ParsedQs, Record<string, any>>'.
src/routes/crm.ts(209,3): error TS2769: No overload matches this call.
  The last overload gave the following error.
    Argument of type '(req: AuthRequest, res: Response, next: NextFunction) => Response<any, Record<string, any>>' is not assignable to parameter of type 'RequestHandlerParams<ParamsDictionary, any, any, ParsedQs, Record<string, any>>'.
      Type '(req: AuthRequest, res: Response, next: NextFunction) => Response<any, Record<string, any>>' is not assignable to type 'RequestHandler<ParamsDictionary, any, any, ParsedQs, Record<string, any>>'.
        Types of parameters 'req' and 'req' are incompatible.
          Type 'Request<ParamsDictionary, any, any, ParsedQs, Record<string, any>>' is not assignable to type 'AuthRequest<ParamsDictionary, any, any, ParsedQs, Record<string, any>>'.
            Property 'user' is optional in type 'Request<ParamsDictionary, any, any, ParsedQs, Record<string, any>>' but required in type 'AuthRequest<ParamsDictionary, any, any, ParsedQs, Record<string, any>>'.
src/routes/crm.ts(214,3): error TS2769: No overload matches this call.
  The last overload gave the following error.
    Argument of type '(req: AuthRequest, res: Response, next: NextFunction) => Response<any, Record<string, any>>' is not assignable to parameter of type 'RequestHandlerParams<ParamsDictionary, any, any, ParsedQs, Record<string, any>>'.
      Type '(req: AuthRequest, res: Response, next: NextFunction) => Response<any, Record<string, any>>' is not assignable to type 'RequestHandler<ParamsDictionary, any, any, ParsedQs, Record<string, any>>'.
        Types of parameters 'req' and 'req' are incompatible.
          Type 'Request<ParamsDictionary, any, any, ParsedQs, Record<string, any>>' is not assignable to type 'AuthRequest<ParamsDictionary, any, any, ParsedQs, Record<string, any>>'.
            Property 'user' is optional in type 'Request<ParamsDictionary, any, any, ParsedQs, Record<string, any>>' but required in type 'AuthRequest<ParamsDictionary, any, any, ParsedQs, Record<string, any>>'.
src/routes/crm.ts(219,3): error TS2769: No overload matches this call.
  The last overload gave the following error.
    Argument of type '(req: AuthRequest, res: Response, next: NextFunction) => Response<any, Record<string, any>>' is not assignable to parameter of type 'RequestHandlerParams<ParamsDictionary, any, any, ParsedQs, Record<string, any>>'.
      Type '(req: AuthRequest, res: Response, next: NextFunction) => Response<any, Record<string, any>>' is not assignable to type 'RequestHandler<ParamsDictionary, any, any, ParsedQs, Record<string, any>>'.
        Types of parameters 'req' and 'req' are incompatible.
          Type 'Request<ParamsDictionary, any, any, ParsedQs, Record<string, any>>' is not assignable to type 'AuthRequest<ParamsDictionary, any, any, ParsedQs, Record<string, any>>'.
            Property 'user' is optional in type 'Request<ParamsDictionary, any, any, ParsedQs, Record<string, any>>' but required in type 'AuthRequest<ParamsDictionary, any, any, ParsedQs, Record<string, any>>'.
src/routes/crm.ts(222,33): error TS2769: No overload matches this call.
  The last overload gave the following error.
    Argument of type '(req: AuthRequest, res: Response, next: NextFunction) => Response<any, Record<string, any>>' is not assignable to parameter of type 'RequestHandlerParams<ParamsDictionary, any, any, ParsedQs, Record<string, any>>'.
      Type '(req: AuthRequest, res: Response, next: NextFunction) => Response<any, Record<string, any>>' is not assignable to type 'RequestHandler<ParamsDictionary, any, any, ParsedQs, Record<string, any>>'.
        Types of parameters 'req' and 'req' are incompatible.
          Type 'Request<ParamsDictionary, any, any, ParsedQs, Record<string, any>>' is not assignable to type 'AuthRequest<ParamsDictionary, any, any, ParsedQs, Record<string, any>>'.
            Property 'user' is optional in type 'Request<ParamsDictionary, any, any, ParsedQs, Record<string, any>>' but required in type 'AuthRequest<ParamsDictionary, any, any, ParsedQs, Record<string, any>>'.
src/routes/crm.ts(223,43): error TS2769: No overload matches this call.
  The last overload gave the following error.
    Argument of type '(req: AuthRequest, res: Response, next: NextFunction) => Response<any, Record<string, any>>' is not assignable to parameter of type 'RequestHandlerParams<ParamsDictionary, any, any, ParsedQs, Record<string, any>>'.
      Type '(req: AuthRequest, res: Response, next: NextFunction) => Response<any, Record<string, any>>' is not assignable to type 'RequestHandler<ParamsDictionary, any, any, ParsedQs, Record<string, any>>'.
        Types of parameters 'req' and 'req' are incompatible.
          Type 'Request<ParamsDictionary, any, any, ParsedQs, Record<string, any>>' is not assignable to type 'AuthRequest<ParamsDictionary, any, any, ParsedQs, Record<string, any>>'.
            Property 'user' is optional in type 'Request<ParamsDictionary, any, any, ParsedQs, Record<string, any>>' but required in type 'AuthRequest<ParamsDictionary, any, any, ParsedQs, Record<string, any>>'.
src/routes/crm.ts(224,30): error TS2769: No overload matches this call.
  The last overload gave the following error.
    Argument of type '(req: AuthRequest, res: Response, next: NextFunction) => Response<any, Record<string, any>>' is not assignable to parameter of type 'RequestHandlerParams<ParamsDictionary, any, any, ParsedQs, Record<string, any>>'.
      Type '(req: AuthRequest, res: Response, next: NextFunction) => Response<any, Record<string, any>>' is not assignable to type 'RequestHandler<ParamsDictionary, any, any, ParsedQs, Record<string, any>>'.
        Types of parameters 'req' and 'req' are incompatible.
          Type 'Request<ParamsDictionary, any, any, ParsedQs, Record<string, any>>' is not assignable to type 'AuthRequest<ParamsDictionary, any, any, ParsedQs, Record<string, any>>'.
            Property 'user' is optional in type 'Request<ParamsDictionary, any, any, ParsedQs, Record<string, any>>' but required in type 'AuthRequest<ParamsDictionary, any, any, ParsedQs, Record<string, any>>'.
src/routes/crm.ts(225,45): error TS2769: No overload matches this call.
  The last overload gave the following error.
    Argument of type '(req: AuthRequest, res: Response, next: NextFunction) => Response<any, Record<string, any>>' is not assignable to parameter of type 'RequestHandlerParams<ParamsDictionary, any, any, ParsedQs, Record<string, any>>'.
      Type '(req: AuthRequest, res: Response, next: NextFunction) => Response<any, Record<string, any>>' is not assignable to type 'RequestHandler<ParamsDictionary, any, any, ParsedQs, Record<string, any>>'.
        Types of parameters 'req' and 'req' are incompatible.
          Type 'Request<ParamsDictionary, any, any, ParsedQs, Record<string, any>>' is not assignable to type 'AuthRequest<ParamsDictionary, any, any, ParsedQs, Record<string, any>>'.
            Property 'user' is optional in type 'Request<ParamsDictionary, any, any, ParsedQs, Record<string, any>>' but required in type 'AuthRequest<ParamsDictionary, any, any, ParsedQs, Record<string, any>>'.
src/routes/crm.ts(232,45): error TS2769: No overload matches this call.
  The last overload gave the following error.
    Argument of type '(req: AuthRequest, res: Response, next: NextFunction) => Response<any, Record<string, any>>' is not assignable to parameter of type 'RequestHandlerParams<ParamsDictionary, any, any, ParsedQs, Record<string, any>>'.
      Type '(req: AuthRequest, res: Response, next: NextFunction) => Response<any, Record<string, any>>' is not assignable to type 'RequestHandler<ParamsDictionary, any, any, ParsedQs, Record<string, any>>'.
        Types of parameters 'req' and 'req' are incompatible.
          Type 'Request<ParamsDictionary, any, any, ParsedQs, Record<string, any>>' is not assignable to type 'AuthRequest<ParamsDictionary, any, any, ParsedQs, Record<string, any>>'.
            Property 'user' is optional in type 'Request<ParamsDictionary, any, any, ParsedQs, Record<string, any>>' but required in type 'AuthRequest<ParamsDictionary, any, any, ParsedQs, Record<string, any>>'.
src/routes/crm.ts(288,41): error TS2769: No overload matches this call.
  The last overload gave the following error.
    Argument of type '(req: AuthRequest, res: Response, next: NextFunction) => Response<any, Record<string, any>>' is not assignable to parameter of type 'RequestHandlerParams<ParamsDictionary, any, any, ParsedQs, Record<string, any>>'.
      Type '(req: AuthRequest, res: Response, next: NextFunction) => Response<any, Record<string, any>>' is not assignable to type 'RequestHandler<ParamsDictionary, any, any, ParsedQs, Record<string, any>>'.
        Types of parameters 'req' and 'req' are incompatible.
          Type 'Request<ParamsDictionary, any, any, ParsedQs, Record<string, any>>' is not assignable to type 'AuthRequest<ParamsDictionary, any, any, ParsedQs, Record<string, any>>'.
            Property 'user' is optional in type 'Request<ParamsDictionary, any, any, ParsedQs, Record<string, any>>' but required in type 'AuthRequest<ParamsDictionary, any, any, ParsedQs, Record<string, any>>'.
src/routes/crm.ts(319,43): error TS2769: No overload matches this call.
  The last overload gave the following error.
    Argument of type '(req: AuthRequest, res: Response, next: NextFunction) => Response<any, Record<string, any>>' is not assignable to parameter of type 'RequestHandlerParams<ParamsDictionary, any, any, ParsedQs, Record<string, any>>'.
      Type '(req: AuthRequest, res: Response, next: NextFunction) => Response<any, Record<string, any>>' is not assignable to type 'RequestHandler<ParamsDictionary, any, any, ParsedQs, Record<string, any>>'.
        Types of parameters 'req' and 'req' are incompatible.
          Type 'Request<ParamsDictionary, any, any, ParsedQs, Record<string, any>>' is not assignable to type 'AuthRequest<ParamsDictionary, any, any, ParsedQs, Record<string, any>>'.
            Property 'user' is optional in type 'Request<ParamsDictionary, any, any, ParsedQs, Record<string, any>>' but required in type 'AuthRequest<ParamsDictionary, any, any, ParsedQs, Record<string, any>>'.
src/routes/crm.ts(357,39): error TS2769: No overload matches this call.
  The last overload gave the following error.
    Argument of type '(req: AuthRequest, res: Response, next: NextFunction) => Response<any, Record<string, any>>' is not assignable to parameter of type 'RequestHandlerParams<ParamsDictionary, any, any, ParsedQs, Record<string, any>>'.
      Type '(req: AuthRequest, res: Response, next: NextFunction) => Response<any, Record<string, any>>' is not assignable to type 'RequestHandler<ParamsDictionary, any, any, ParsedQs, Record<string, any>>'.
        Types of parameters 'req' and 'req' are incompatible.
          Type 'Request<ParamsDictionary, any, any, ParsedQs, Record<string, any>>' is not assignable to type 'AuthRequest<ParamsDictionary, any, any, ParsedQs, Record<string, any>>'.
            Property 'user' is optional in type 'Request<ParamsDictionary, any, any, ParsedQs, Record<string, any>>' but required in type 'AuthRequest<ParamsDictionary, any, any, ParsedQs, Record<string, any>>'.
src/routes/crm.ts(392,36): error TS2769: No overload matches this call.
  The last overload gave the following error.
    Argument of type '(req: AuthRequest, res: Response, next: NextFunction) => Response<any, Record<string, any>>' is not assignable to parameter of type 'RequestHandlerParams<ParamsDictionary, any, any, ParsedQs, Record<string, any>>'.
      Type '(req: AuthRequest, res: Response, next: NextFunction) => Response<any, Record<string, any>>' is not assignable to type 'RequestHandler<ParamsDictionary, any, any, ParsedQs, Record<string, any>>'.
        Types of parameters 'req' and 'req' are incompatible.
          Type 'Request<ParamsDictionary, any, any, ParsedQs, Record<string, any>>' is not assignable to type 'AuthRequest<ParamsDictionary, any, any, ParsedQs, Record<string, any>>'.
            Property 'user' is optional in type 'Request<ParamsDictionary, any, any, ParsedQs, Record<string, any>>' but required in type 'AuthRequest<ParamsDictionary, any, any, ParsedQs, Record<string, any>>'.
src/routes/crm.ts(429,31): error TS2769: No overload matches this call.
  The last overload gave the following error.
    Argument of type '(req: AuthRequest<ParamsDictionary, any, any, ParsedQs, Record<string, any>>, res: Response<any, Record<string, any>, number>) => Promise<...>' is not assignable to parameter of type 'Application<Record<string, any>>'.
      Type '(req: AuthRequest<ParamsDictionary, any, any, ParsedQs, Record<string, any>>, res: Response<any, Record<string, any>, number>) => Promise<...>' is missing the following properties from type 'Application<Record<string, any>>': init, defaultConfiguration, engine, set, and 63 more.
src/routes/crm.ts(458,32): error TS2769: No overload matches this call.
  The last overload gave the following error.
    Argument of type '(req: AuthRequest, res: Response, next: NextFunction) => Response<any, Record<string, any>>' is not assignable to parameter of type 'RequestHandlerParams<ParamsDictionary, any, any, ParsedQs, Record<string, any>>'.
      Type '(req: AuthRequest, res: Response, next: NextFunction) => Response<any, Record<string, any>>' is not assignable to type 'RequestHandler<ParamsDictionary, any, any, ParsedQs, Record<string, any>>'.
        Types of parameters 'req' and 'req' are incompatible.
          Type 'Request<ParamsDictionary, any, any, ParsedQs, Record<string, any>>' is not assignable to type 'AuthRequest<ParamsDictionary, any, any, ParsedQs, Record<string, any>>'.
            Property 'user' is optional in type 'Request<ParamsDictionary, any, any, ParsedQs, Record<string, any>>' but required in type 'AuthRequest<ParamsDictionary, any, any, ParsedQs, Record<string, any>>'.
src/routes/crm.ts(484,39): error TS2769: No overload matches this call.
  The last overload gave the following error.
    Argument of type '(req: AuthRequest, res: Response, next: NextFunction) => Response<any, Record<string, any>>' is not assignable to parameter of type 'RequestHandlerParams<ParamsDictionary, any, any, ParsedQs, Record<string, any>>'.
      Type '(req: AuthRequest, res: Response, next: NextFunction) => Response<any, Record<string, any>>' is not assignable to type 'RequestHandler<ParamsDictionary, any, any, ParsedQs, Record<string, any>>'.
        Types of parameters 'req' and 'req' are incompatible.
          Type 'Request<ParamsDictionary, any, any, ParsedQs, Record<string, any>>' is not assignable to type 'AuthRequest<ParamsDictionary, any, any, ParsedQs, Record<string, any>>'.
            Property 'user' is optional in type 'Request<ParamsDictionary, any, any, ParsedQs, Record<string, any>>' but required in type 'AuthRequest<ParamsDictionary, any, any, ParsedQs, Record<string, any>>'.
src/routes/crm.ts(501,44): error TS2769: No overload matches this call.
  The last overload gave the following error.
    Argument of type '(req: AuthRequest, res: Response, next: NextFunction) => Response<any, Record<string, any>>' is not assignable to parameter of type 'RequestHandlerParams<ParamsDictionary, any, any, ParsedQs, Record<string, any>>'.
      Type '(req: AuthRequest, res: Response, next: NextFunction) => Response<any, Record<string, any>>' is not assignable to type 'RequestHandler<ParamsDictionary, any, any, ParsedQs, Record<string, any>>'.
        Types of parameters 'req' and 'req' are incompatible.
          Type 'Request<ParamsDictionary, any, any, ParsedQs, Record<string, any>>' is not assignable to type 'AuthRequest<ParamsDictionary, any, any, ParsedQs, Record<string, any>>'.
            Property 'user' is optional in type 'Request<ParamsDictionary, any, any, ParsedQs, Record<string, any>>' but required in type 'AuthRequest<ParamsDictionary, any, any, ParsedQs, Record<string, any>>'.
src/routes/crm.ts(521,30): error TS2769: No overload matches this call.
  The last overload gave the following error.
    Argument of type '(req: AuthRequest<ParamsDictionary, any, any, ParsedQs, Record<string, any>>, res: Response<any, Record<string, any>, number>) => Promise<...>' is not assignable to parameter of type 'Application<Record<string, any>>'.
      Type '(req: AuthRequest<ParamsDictionary, any, any, ParsedQs, Record<string, any>>, res: Response<any, Record<string, any>, number>) => Promise<...>' is missing the following properties from type 'Application<Record<string, any>>': init, defaultConfiguration, engine, set, and 63 more.
src/routes/crm.ts(552,39): error TS2769: No overload matches this call.
  The last overload gave the following error.
    Argument of type '(req: AuthRequest<ParamsDictionary, any, any, ParsedQs, Record<string, any>>, res: Response<any, Record<string, any>, number>) => Promise<...>' is not assignable to parameter of type 'Application<Record<string, any>>'.
      Type '(req: AuthRequest<ParamsDictionary, any, any, ParsedQs, Record<string, any>>, res: Response<any, Record<string, any>, number>) => Promise<...>' is missing the following properties from type 'Application<Record<string, any>>': init, defaultConfiguration, engine, set, and 63 more.
src/routes/crm.ts(570,39): error TS2769: No overload matches this call.
  The last overload gave the following error.
    Argument of type '(req: AuthRequest<ParamsDictionary, any, any, ParsedQs, Record<string, any>>, res: Response<any, Record<string, any>, number>) => Promise<...>' is not assignable to parameter of type 'Application<Record<string, any>>'.
      Type '(req: AuthRequest<ParamsDictionary, any, any, ParsedQs, Record<string, any>>, res: Response<any, Record<string, any>, number>) => Promise<...>' is missing the following properties from type 'Application<Record<string, any>>': init, defaultConfiguration, engine, set, and 63 more.
src/routes/fileUpload.ts(98,82): error TS2769: No overload matches this call.
  The last overload gave the following error.
    Argument of type '(req: AuthenticatedRequest, res: Response) => Promise<express.Response<any, Record<string, any>>>' is not assignable to parameter of type 'RequestHandlerParams<ParamsDictionary, any, any, ParsedQs, Record<string, any>>'.
      Type '(req: AuthenticatedRequest, res: Response) => Promise<express.Response<any, Record<string, any>>>' is not assignable to type 'RequestHandler<ParamsDictionary, any, any, ParsedQs, Record<string, any>>'.
        Types of parameters 'req' and 'req' are incompatible.
          Type 'Request<ParamsDictionary, any, any, ParsedQs, Record<string, any>>' is not assignable to type 'AuthenticatedRequest<ParamsDictionary, any, any, ParsedQs, Record<string, any>>'.
            Property 'user' is optional in type 'Request<ParamsDictionary, any, any, ParsedQs, Record<string, any>>' but required in type 'AuthenticatedRequest<ParamsDictionary, any, any, ParsedQs, Record<string, any>>'.
src/routes/fileUpload.ts(470,43): error TS2769: No overload matches this call.
  The last overload gave the following error.
    Argument of type '(req: AuthenticatedRequest, res: Response) => Promise<express.Response<any, Record<string, any>>>' is not assignable to parameter of type 'RequestHandlerParams<ParamsDictionary, any, any, ParsedQs, Record<string, any>>'.
      Type '(req: AuthenticatedRequest, res: Response) => Promise<express.Response<any, Record<string, any>>>' is not assignable to type 'RequestHandler<ParamsDictionary, any, any, ParsedQs, Record<string, any>>'.
        Types of parameters 'req' and 'req' are incompatible.
          Type 'Request<ParamsDictionary, any, any, ParsedQs, Record<string, any>>' is not assignable to type 'AuthenticatedRequest<ParamsDictionary, any, any, ParsedQs, Record<string, any>>'.
            Property 'user' is optional in type 'Request<ParamsDictionary, any, any, ParsedQs, Record<string, any>>' but required in type 'AuthenticatedRequest<ParamsDictionary, any, any, ParsedQs, Record<string, any>>'.
src/routes/fileUpload.ts(515,33): error TS2769: No overload matches this call.
  The last overload gave the following error.
    Argument of type '(req: AuthenticatedRequest, res: Response) => Promise<express.Response<any, Record<string, any>>>' is not assignable to parameter of type 'RequestHandlerParams<ParamsDictionary, any, any, ParsedQs, Record<string, any>>'.
      Type '(req: AuthenticatedRequest, res: Response) => Promise<express.Response<any, Record<string, any>>>' is not assignable to type 'RequestHandler<ParamsDictionary, any, any, ParsedQs, Record<string, any>>'.
        Types of parameters 'req' and 'req' are incompatible.
          Type 'Request<ParamsDictionary, any, any, ParsedQs, Record<string, any>>' is not assignable to type 'AuthenticatedRequest<ParamsDictionary, any, any, ParsedQs, Record<string, any>>'.
            Property 'user' is optional in type 'Request<ParamsDictionary, any, any, ParsedQs, Record<string, any>>' but required in type 'AuthenticatedRequest<ParamsDictionary, any, any, ParsedQs, Record<string, any>>'.
src/routes/groupBookings.ts(196,34): error TS2769: No overload matches this call.
  The last overload gave the following error.
    Argument of type '(req: AuthenticatedRequest, res: Response) => Promise<void>' is not assignable to parameter of type 'RequestHandlerParams<ParamsDictionary, any, any, ParsedQs, Record<string, any>>'.
      Type '(req: AuthenticatedRequest, res: Response) => Promise<void>' is not assignable to type 'RequestHandler<ParamsDictionary, any, any, ParsedQs, Record<string, any>>'.
        Types of parameters 'req' and 'req' are incompatible.
          Type 'Request<ParamsDictionary, any, any, ParsedQs, Record<string, any>>' is not assignable to type 'AuthenticatedRequest<ParamsDictionary, any, any, ParsedQs, Record<string, any>>'.
            Property 'user' is optional in type 'Request<ParamsDictionary, any, any, ParsedQs, Record<string, any>>' but required in type 'AuthenticatedRequest<ParamsDictionary, any, any, ParsedQs, Record<string, any>>'.
src/routes/groupBookings.ts(243,33): error TS2769: No overload matches this call.
  The last overload gave the following error.
    Argument of type '(req: AuthenticatedRequest, res: Response) => Promise<express.Response<any, Record<string, any>>>' is not assignable to parameter of type 'RequestHandlerParams<ParamsDictionary, any, any, ParsedQs, Record<string, any>>'.
      Type '(req: AuthenticatedRequest, res: Response) => Promise<express.Response<any, Record<string, any>>>' is not assignable to type 'RequestHandler<ParamsDictionary, any, any, ParsedQs, Record<string, any>>'.
        Types of parameters 'req' and 'req' are incompatible.
          Type 'Request<ParamsDictionary, any, any, ParsedQs, Record<string, any>>' is not assignable to type 'AuthenticatedRequest<ParamsDictionary, any, any, ParsedQs, Record<string, any>>'.
            Property 'user' is optional in type 'Request<ParamsDictionary, any, any, ParsedQs, Record<string, any>>' but required in type 'AuthenticatedRequest<ParamsDictionary, any, any, ParsedQs, Record<string, any>>'.
src/routes/groupBookings.ts(285,46): error TS2769: No overload matches this call.
  The last overload gave the following error.
    Argument of type '(req: AuthenticatedRequest, res: Response) => Promise<express.Response<any, Record<string, any>>>' is not assignable to parameter of type 'RequestHandlerParams<ParamsDictionary, any, any, ParsedQs, Record<string, any>>'.
      Type '(req: AuthenticatedRequest, res: Response) => Promise<express.Response<any, Record<string, any>>>' is not assignable to type 'RequestHandler<ParamsDictionary, any, any, ParsedQs, Record<string, any>>'.
        Types of parameters 'req' and 'req' are incompatible.
          Type 'Request<ParamsDictionary, any, any, ParsedQs, Record<string, any>>' is not assignable to type 'AuthenticatedRequest<ParamsDictionary, any, any, ParsedQs, Record<string, any>>'.
            Property 'user' is optional in type 'Request<ParamsDictionary, any, any, ParsedQs, Record<string, any>>' but required in type 'AuthenticatedRequest<ParamsDictionary, any, any, ParsedQs, Record<string, any>>'.
src/routes/groupBookings.ts(411,54): error TS2769: No overload matches this call.
  The last overload gave the following error.
    Argument of type '(req: AuthenticatedRequest, res: Response) => Promise<express.Response<any, Record<string, any>>>' is not assignable to parameter of type 'RequestHandlerParams<ParamsDictionary, any, any, ParsedQs, Record<string, any>>'.
      Type '(req: AuthenticatedRequest, res: Response) => Promise<express.Response<any, Record<string, any>>>' is not assignable to type 'RequestHandler<ParamsDictionary, any, any, ParsedQs, Record<string, any>>'.
        Types of parameters 'req' and 'req' are incompatible.
          Type 'Request<ParamsDictionary, any, any, ParsedQs, Record<string, any>>' is not assignable to type 'AuthenticatedRequest<ParamsDictionary, any, any, ParsedQs, Record<string, any>>'.
            Property 'user' is optional in type 'Request<ParamsDictionary, any, any, ParsedQs, Record<string, any>>' but required in type 'AuthenticatedRequest<ParamsDictionary, any, any, ParsedQs, Record<string, any>>'.
src/routes/groupBookings.ts(478,48): error TS2769: No overload matches this call.
  The last overload gave the following error.
    Argument of type '(req: AuthenticatedRequest, res: Response) => Promise<express.Response<any, Record<string, any>>>' is not assignable to parameter of type 'RequestHandlerParams<ParamsDictionary, any, any, ParsedQs, Record<string, any>>'.
      Type '(req: AuthenticatedRequest, res: Response) => Promise<express.Response<any, Record<string, any>>>' is not assignable to type 'RequestHandler<ParamsDictionary, any, any, ParsedQs, Record<string, any>>'.
        Types of parameters 'req' and 'req' are incompatible.
          Type 'Request<ParamsDictionary, any, any, ParsedQs, Record<string, any>>' is not assignable to type 'AuthenticatedRequest<ParamsDictionary, any, any, ParsedQs, Record<string, any>>'.
            Property 'user' is optional in type 'Request<ParamsDictionary, any, any, ParsedQs, Record<string, any>>' but required in type 'AuthenticatedRequest<ParamsDictionary, any, any, ParsedQs, Record<string, any>>'.
src/routes/groupBookings.ts(548,36): error TS2769: No overload matches this call.
  The last overload gave the following error.
    Argument of type '(req: AuthenticatedRequest, res: Response) => Promise<express.Response<any, Record<string, any>>>' is not assignable to parameter of type 'RequestHandlerParams<ParamsDictionary, any, any, ParsedQs, Record<string, any>>'.
      Type '(req: AuthenticatedRequest, res: Response) => Promise<express.Response<any, Record<string, any>>>' is not assignable to type 'RequestHandler<ParamsDictionary, any, any, ParsedQs, Record<string, any>>'.
        Types of parameters 'req' and 'req' are incompatible.
          Type 'Request<ParamsDictionary, any, any, ParsedQs, Record<string, any>>' is not assignable to type 'AuthenticatedRequest<ParamsDictionary, any, any, ParsedQs, Record<string, any>>'.
            Property 'user' is optional in type 'Request<ParamsDictionary, any, any, ParsedQs, Record<string, any>>' but required in type 'AuthenticatedRequest<ParamsDictionary, any, any, ParsedQs, Record<string, any>>'.
src/routes/groupBookings.ts(611,41): error TS2769: No overload matches this call.
  The last overload gave the following error.
    Argument of type '(req: AuthenticatedRequest, res: Response) => Promise<express.Response<any, Record<string, any>>>' is not assignable to parameter of type 'RequestHandlerParams<ParamsDictionary, any, any, ParsedQs, Record<string, any>>'.
      Type '(req: AuthenticatedRequest, res: Response) => Promise<express.Response<any, Record<string, any>>>' is not assignable to type 'RequestHandler<ParamsDictionary, any, any, ParsedQs, Record<string, any>>'.
        Types of parameters 'req' and 'req' are incompatible.
          Type 'Request<ParamsDictionary, any, any, ParsedQs, Record<string, any>>' is not assignable to type 'AuthenticatedRequest<ParamsDictionary, any, any, ParsedQs, Record<string, any>>'.
            Property 'user' is optional in type 'Request<ParamsDictionary, any, any, ParsedQs, Record<string, any>>' but required in type 'AuthenticatedRequest<ParamsDictionary, any, any, ParsedQs, Record<string, any>>'.
src/routes/reviewVerification.ts(23,54): error TS2769: No overload matches this call.
  The last overload gave the following error.
    Argument of type '(req: AuthenticatedRequest, res: Response) => Promise<void>' is not assignable to parameter of type 'RequestHandlerParams<ParamsDictionary, any, any, ParsedQs, Record<string, any>>'.
      Type '(req: AuthenticatedRequest, res: Response) => Promise<void>' is not assignable to type 'RequestHandler<ParamsDictionary, any, any, ParsedQs, Record<string, any>>'.
        Types of parameters 'req' and 'req' are incompatible.
          Type 'Request<ParamsDictionary, any, any, ParsedQs, Record<string, any>>' is not assignable to type 'AuthenticatedRequest<ParamsDictionary, any, any, ParsedQs, Record<string, any>>'.
            Property 'user' is optional in type 'Request<ParamsDictionary, any, any, ParsedQs, Record<string, any>>' but required in type 'AuthenticatedRequest<ParamsDictionary, any, any, ParsedQs, Record<string, any>>'.
src/routes/reviewVerification.ts(74,54): error TS2769: No overload matches this call.
  The last overload gave the following error.
    Argument of type '(req: AuthenticatedRequest, res: Response) => Promise<void>' is not assignable to parameter of type 'RequestHandlerParams<ParamsDictionary, any, any, ParsedQs, Record<string, any>>'.
      Type '(req: AuthenticatedRequest, res: Response) => Promise<void>' is not assignable to type 'RequestHandler<ParamsDictionary, any, any, ParsedQs, Record<string, any>>'.
        Types of parameters 'req' and 'req' are incompatible.
          Type 'Request<ParamsDictionary, any, any, ParsedQs, Record<string, any>>' is not assignable to type 'AuthenticatedRequest<ParamsDictionary, any, any, ParsedQs, Record<string, any>>'.
            Property 'user' is optional in type 'Request<ParamsDictionary, any, any, ParsedQs, Record<string, any>>' but required in type 'AuthenticatedRequest<ParamsDictionary, any, any, ParsedQs, Record<string, any>>'.
src/routes/reviewVerification.ts(117,63): error TS2769: No overload matches this call.
  The last overload gave the following error.
    Argument of type '(req: AuthenticatedRequest, res: Response) => Promise<express.Response<any, Record<string, any>>>' is not assignable to parameter of type 'RequestHandlerParams<ParamsDictionary, any, any, ParsedQs, Record<string, any>>'.
      Type '(req: AuthenticatedRequest, res: Response) => Promise<express.Response<any, Record<string, any>>>' is not assignable to type 'RequestHandler<ParamsDictionary, any, any, ParsedQs, Record<string, any>>'.
        Types of parameters 'req' and 'req' are incompatible.
          Type 'Request<ParamsDictionary, any, any, ParsedQs, Record<string, any>>' is not assignable to type 'AuthenticatedRequest<ParamsDictionary, any, any, ParsedQs, Record<string, any>>'.
            Property 'user' is optional in type 'Request<ParamsDictionary, any, any, ParsedQs, Record<string, any>>' but required in type 'AuthenticatedRequest<ParamsDictionary, any, any, ParsedQs, Record<string, any>>'.
src/routes/reviewVerification.ts(220,63): error TS2769: No overload matches this call.
  The last overload gave the following error.
    Argument of type '(req: AuthenticatedRequest, res: Response) => Promise<express.Response<any, Record<string, any>>>' is not assignable to parameter of type 'RequestHandlerParams<ParamsDictionary, any, any, ParsedQs, Record<string, any>>'.
      Type '(req: AuthenticatedRequest, res: Response) => Promise<express.Response<any, Record<string, any>>>' is not assignable to type 'RequestHandler<ParamsDictionary, any, any, ParsedQs, Record<string, any>>'.
        Types of parameters 'req' and 'req' are incompatible.
          Type 'Request<ParamsDictionary, any, any, ParsedQs, Record<string, any>>' is not assignable to type 'AuthenticatedRequest<ParamsDictionary, any, any, ParsedQs, Record<string, any>>'.
            Property 'user' is optional in type 'Request<ParamsDictionary, any, any, ParsedQs, Record<string, any>>' but required in type 'AuthenticatedRequest<ParamsDictionary, any, any, ParsedQs, Record<string, any>>'.
src/routes/reviewVerification.ts(278,38): error TS2769: No overload matches this call.
  The last overload gave the following error.
    Argument of type '(req: AuthenticatedRequest, res: Response) => Promise<express.Response<any, Record<string, any>>>' is not assignable to parameter of type 'RequestHandlerParams<ParamsDictionary, any, any, ParsedQs, Record<string, any>>'.
      Type '(req: AuthenticatedRequest, res: Response) => Promise<express.Response<any, Record<string, any>>>' is not assignable to type 'RequestHandler<ParamsDictionary, any, any, ParsedQs, Record<string, any>>'.
        Types of parameters 'req' and 'req' are incompatible.
          Type 'Request<ParamsDictionary, any, any, ParsedQs, Record<string, any>>' is not assignable to type 'AuthenticatedRequest<ParamsDictionary, any, any, ParsedQs, Record<string, any>>'.
            Property 'user' is optional in type 'Request<ParamsDictionary, any, any, ParsedQs, Record<string, any>>' but required in type 'AuthenticatedRequest<ParamsDictionary, any, any, ParsedQs, Record<string, any>>'.
src/routes/reviewVerification.ts(357,63): error TS2769: No overload matches this call.
  The last overload gave the following error.
    Argument of type '(req: AuthenticatedRequest, res: Response) => Promise<express.Response<any, Record<string, any>>>' is not assignable to parameter of type 'RequestHandlerParams<ParamsDictionary, any, any, ParsedQs, Record<string, any>>'.
      Type '(req: AuthenticatedRequest, res: Response) => Promise<express.Response<any, Record<string, any>>>' is not assignable to type 'RequestHandler<ParamsDictionary, any, any, ParsedQs, Record<string, any>>'.
        Types of parameters 'req' and 'req' are incompatible.
          Type 'Request<ParamsDictionary, any, any, ParsedQs, Record<string, any>>' is not assignable to type 'AuthenticatedRequest<ParamsDictionary, any, any, ParsedQs, Record<string, any>>'.
            Property 'user' is optional in type 'Request<ParamsDictionary, any, any, ParsedQs, Record<string, any>>' but required in type 'AuthenticatedRequest<ParamsDictionary, any, any, ParsedQs, Record<string, any>>'.
src/routes/reviewVerification.ts(405,52): error TS2769: No overload matches this call.
  The last overload gave the following error.
    Argument of type '(req: AuthenticatedRequest, res: Response) => Promise<void>' is not assignable to parameter of type 'RequestHandlerParams<ParamsDictionary, any, any, ParsedQs, Record<string, any>>'.
      Type '(req: AuthenticatedRequest, res: Response) => Promise<void>' is not assignable to type 'RequestHandler<ParamsDictionary, any, any, ParsedQs, Record<string, any>>'.
        Types of parameters 'req' and 'req' are incompatible.
          Type 'Request<ParamsDictionary, any, any, ParsedQs, Record<string, any>>' is not assignable to type 'AuthenticatedRequest<ParamsDictionary, any, any, ParsedQs, Record<string, any>>'.
            Property 'user' is optional in type 'Request<ParamsDictionary, any, any, ParsedQs, Record<string, any>>' but required in type 'AuthenticatedRequest<ParamsDictionary, any, any, ParsedQs, Record<string, any>>'.
src/routes/reviewVerification.ts(450,58): error TS2769: No overload matches this call.
  The last overload gave the following error.
    Argument of type '(req: AuthenticatedRequest, res: Response) => Promise<express.Response<any, Record<string, any>>>' is not assignable to parameter of type 'RequestHandlerParams<ParamsDictionary, any, any, ParsedQs, Record<string, any>>'.
      Type '(req: AuthenticatedRequest, res: Response) => Promise<express.Response<any, Record<string, any>>>' is not assignable to type 'RequestHandler<ParamsDictionary, any, any, ParsedQs, Record<string, any>>'.
        Types of parameters 'req' and 'req' are incompatible.
          Type 'Request<ParamsDictionary, any, any, ParsedQs, Record<string, any>>' is not assignable to type 'AuthenticatedRequest<ParamsDictionary, any, any, ParsedQs, Record<string, any>>'.
            Property 'user' is optional in type 'Request<ParamsDictionary, any, any, ParsedQs, Record<string, any>>' but required in type 'AuthenticatedRequest<ParamsDictionary, any, any, ParsedQs, Record<string, any>>'.
src/routes/reviewVerification.ts(541,68): error TS2769: No overload matches this call.
  The last overload gave the following error.
    Argument of type '(req: AuthenticatedRequest, res: Response) => Promise<express.Response<any, Record<string, any>>>' is not assignable to parameter of type 'RequestHandlerParams<ParamsDictionary, any, any, ParsedQs, Record<string, any>>'.
      Type '(req: AuthenticatedRequest, res: Response) => Promise<express.Response<any, Record<string, any>>>' is not assignable to type 'RequestHandler<ParamsDictionary, any, any, ParsedQs, Record<string, any>>'.
        Types of parameters 'req' and 'req' are incompatible.
          Type 'Request<ParamsDictionary, any, any, ParsedQs, Record<string, any>>' is not assignable to type 'AuthenticatedRequest<ParamsDictionary, any, any, ParsedQs, Record<string, any>>'.
            Property 'user' is optional in type 'Request<ParamsDictionary, any, any, ParsedQs, Record<string, any>>' but required in type 'AuthenticatedRequest<ParamsDictionary, any, any, ParsedQs, Record<string, any>>'.
